<?xml version="1.0" encoding="UTF-8"?>
<testsuite xmlns:xsi="http://www.w3.org/2001/XMLSchema-instance" xsi:noNamespaceSchemaLocation="https://maven.apache.org/surefire/maven-surefire-plugin/xsd/surefire-test-report-3.0.xsd" version="3.0" name="com.jdesca.wsdlgenerator.WsdlGeneratorFunctionalTest" time="0.09" tests="1" errors="0" skipped="0" failures="0">
  <properties>
[...]
</properties>
  <testcase name="functionalTest" classname="com.jdesca.wsdlgenerator.WsdlGeneratorFunctionalTest" time="0.083">
    <system-out><![CDATA[Service name: 
Target namespace: 
Endpoint location:
Do you want to create the xsd schema or do you want to import an existing one?
1. Create new XSD schema
2. Import an existing XSD schema
Please enter the namespace (default:http://www.jdesca.com/TestService/schema/)
Please enter the path of your XSD file:
Enter a new operation name:
add a type for the input (empty to go to output type:
add a type for the input (empty to go to output type:
add a type for the input (empty to go to new operation:
add a type for the input (empty to go to new operation:
Enter a new operation name:
add a type for the input (empty to go to output type:
add a type for the input (empty to go to output type:
add a type for the input (empty to go to new operation:
add a type for the input (empty to go to new operation:
Enter a new operation name:
]]></system-out>
  </testcase>
</testsuite>